make all --print-data-base --no-builtin-variables --no-builtin-rules --question
make: *** No rule to make target 'all'.  Stop.
 
# GNU Make 4.2.1
# Built for x86_64-pc-linux-gnu
# Copyright (C) 1988-2016 Free Software Foundation, Inc.
# License GPLv3+: GNU GPL version 3 or later <http://gnu.org/licenses/gpl.html>
# This is free software: you are free to change and redistribute it.
# There is NO WARRANTY, to the extent permitted by law.

# Make data base, printed on Thu Aug 12 17:17:21 2021

# Variables

# automatic
<D = $(patsubst %/,%,$(dir $<))
# automatic
?F = $(notdir $?)
# default
.SHELLFLAGS := -c
# environment
VSCODE_AGENT_FOLDER = /home/codespace/.vscode-remote
# environment
VSCODE_LOG_NATIVE = false
# automatic
?D = $(patsubst %/,%,$(dir $?))
# automatic
@D = $(patsubst %/,%,$(dir $@))
# automatic
@F = $(notdir $@)
# makefile
CURDIR := /workspaces/karrlein.com
# makefile
SHELL = /bin/sh
# environment
GOPROXY = https://proxy.golang.org,direct
# environment
VSCODE_NLS_CONFIG = {"locale":"en-US","availableLanguages":{}}
# environment
RUBY_HOME = /opt/ruby/lts
# environment
GITHUB_TOKEN = ghu_tSVG8f2FXgCrtDs1XF3luMFHHoEgat02Rhgi
# makefile (from 'Makefile', line 1)
MAKEFILE_LIST :=  Makefile
# environment
ENABLE_DYNAMIC_INSTALL = true
# 'override' directive
GNUMAKEFLAGS := 
# environment
VSCODE_AMD_ENTRYPOINT = vs/server/remoteExtensionHostProcess
# environment
VSCODE_VERBOSE_LOGGING = true
# environment
VSCODE_CWD = /vscode/bin/x64/379476f0e13988d90fab105c5c19e7abc8b1dea8
# environment
NUGET_PACKAGES = /var/nuget
# environment
DOTNET_SKIP_FIRST_TIME_EXPERIENCE = 1
# environment
PATH = /usr/local/go/bin:/vscode/bin/x64/379476f0e13988d90fab105c5c19e7abc8b1dea8/bin:/usr/local/sbin:/usr/local/bin:/usr/sbin:/usr/bin:/sbin:/bin:/home/codespace/.nvm/current/bin:/home/codespace/.npm-global/bin:/home/codespace/.dotnet:/home/codespace/.dotnet/tools:/usr/local/sdkman/bin:/usr/local/sdkman/candidates/gradle/current/bin:/usr/local/sdkman/java/current/bin:/opt/maven/lts:/usr/local/cargo/bin:/go/bin:/usr/local/py-utils/bin:/opt/conda/condabin:/opt/oryx:/opt/nodejs/lts/bin:/opt/dotnet/lts:/opt/python/latest/bin:/opt/php/lts/bin:/opt/php-composer:/opt/yarn/stable/bin:/opt/hugo/lts::/opt/java/lts/bin:/opt/maven/lts/bin:/opt/ruby/lts/bin:/home/codespace/.cache/cloud-code/installer/google-cloud-sdk/bin:/home/codespace/google-cloud-sdk/bin
# environment
DYNAMIC_INSTALL_ROOT_DIR = /opt
# environment
CLOUDENV_ENVIRONMENT_ID = 8e68f314-96e2-47e6-9185-098160439f36
# environment
ORYX_AI_INSTRUMENTATION_KEY = 4aadba6b-30c8-42db-9b93-024d5c62b887
# environment
PIPX_BIN_DIR = /usr/local/py-utils/bin
# environment
PIPX_HOME = /usr/local/py-utils
# environment
SDKMAN_DIR = /usr/local/sdkman
# environment
GOPATH = /go
# environment
VSCODE_LOG_STACK = false
# environment
NUGET_XMLDOC_MODE = skip
# environment
VSCODE_IPC_HOOK_CLI = /tmp/vscode-ipc-78f1d3ff-5b61-44da-8517-3d426e986286.sock
# default
.FEATURES := target-specific order-only second-expansion else-if shortest-stem undefine oneshell archives jobserver output-sync check-symlink load
# environment
CODESPACES = true
# environment
CODESPACE_NAME = andre-karrlein-karrlein-com-vq4vgg7g26w96
# environment
CLOUDSDK_METRICS_ENVIRONMENT = cloudcode.vscode
# automatic
%F = $(notdir $%)
# environment
CLOUDSDK_METRICS_ENVIRONMENT_VERSION = 1.13.1
# environment
CONDA_SCRIPT = /opt/conda/etc/profile.d/conda.sh
# environment
VSCODE_PIPE_LOGGING = true
# environment
ORIGINAL_PATH = /usr/local/sbin:/usr/local/bin:/usr/sbin:/usr/bin:/sbin:/bin
# environment
ORYX_SDK_STORAGE_BASE_URL = https://oryx-cdn.microsoft.io
# environment
DOTNET_ROOT = /home/codespace/.dotnet
# default
.LOADED := 
# environment
RUSTUP_HOME = /usr/local/rustup
# environment
RVM_PATH = /usr/local/rvm
# environment
NPM_GLOBAL = /home/codespace/.npm-global
# environment
ORYX_PATHS = /opt/oryx:/opt/nodejs/lts/bin:/opt/dotnet/lts:/opt/python/latest/bin:/opt/php/lts/bin:/opt/php-composer:/opt/yarn/stable/bin:/opt/hugo/lts::/opt/java/lts/bin:/opt/maven/lts/bin:/opt/ruby/lts/bin
# environment
NVM_SYMLINK_CURRENT = true
# environment
GOMODCACHE = /go/pkg/mod
# environment
HOME = /home/codespace
# environment
APPLICATION_INSIGHTS_NO_DIAGNOSTIC_CHANNEL = true
# automatic
+F = $(notdir $+)
# environment
ORYX_PREFER_USER_INSTALLED_SDKS = true
# environment
PYTHONIOENCODING = UTF-8
# environment
VSCODE_HANDLES_UNCAUGHT_ERRORS = true
# automatic
^D = $(patsubst %/,%,$(dir $^))
# environment
HOSTNAME = codespaces_61a1b6
# environment
ORYX_ENV_TYPE = vsonline-present
# environment
MAKELEVEL := 0
# default
MAKE = $(MAKE_COMMAND)
# default
MAKECMDGOALS := all
# environment
JAVA_HOME = /opt/java/lts
# default
MAKE_VERSION := 4.2.1
# environment
GITHUB_CODESPACE_TOKEN = AFSQSCH7GJFJKD5AGGLZ43LBCX2RJANCNFSM4AAV3IEA
# makefile
.DEFAULT_GOAL := build
# environment
GOROOT = /usr/local/go
# automatic
%D = $(patsubst %/,%,$(dir $%))
# default
MAKE_COMMAND := make
# default
.VARIABLES := 
# automatic
*F = $(notdir $*)
# makefile
MAKEFLAGS = pqrR
# environment
MFLAGS = -pqrR
# automatic
*D = $(patsubst %/,%,$(dir $*))
# environment
NVM_DIR = /home/codespace/.nvm
# automatic
+D = $(patsubst %/,%,$(dir $+))
# environment
BROWSER = /vscode/bin/x64/379476f0e13988d90fab105c5c19e7abc8b1dea8/bin/helpers/browser.sh
# environment
RepositoryName = null
# environment
NVS_HOME = /home/codespace/.nvs
# default
MAKEFILES := 
# automatic
<F = $(notdir $<)
# environment
PWD = /workspaces/karrlein.com
# environment
LC_ALL = C
# environment
GIT_COMMITTER_NAME = GitHub
# environment
CARGO_HOME = /usr/local/cargo
# automatic
^F = $(notdir $^)
# default
SUFFIXES := 
# environment
GIT_COMMITTER_EMAIL = noreply@github.com
# default
.INCLUDE_DIRS = /usr/include /usr/local/include /usr/include
# environment
VSCODE_INJECT_NODE_MODULE_LOOKUP_PATH = /vscode/bin/x64/379476f0e13988d90fab105c5c19e7abc8b1dea8/remote/node_modules
# environment
DEBIAN_FLAVOR = focal-scm
# default
.RECIPEPREFIX := 
# default
MAKE_HOST := x86_64-pc-linux-gnu
# environment
RAILS_DEVELOPMENT_HOSTS = .githubpreview.dev
# environment
LANG = C
# environment
VSCODE_EXTHOST_WILL_SEND_SOCKET = true
# environment
ContainerVersion = 11
# variable set hash-table stats:
# Load=98/1024=10%, Rehash=0, Collisions=10/123=8%

# Pattern-specific Variable Values

# No pattern-specific variable values.

# Directories

# . (device 1792, inode 1179802): 16 files, no impossibilities.

# 16 files, no impossibilities in 1 directories.

# Implicit Rules

# No implicit rules.

# Files

wasm:
#  Implicit rule search has not been done.
#  Modification time never checked.
#  File has not been updated.
#  recipe to execute (from 'Makefile', line 5):
	@GOARCH=wasm GOOS=js go build -o web/app.wasm ./app

# Not a target:
all:
#  Command line target.
#  Implicit rule search has been done.
#  File does not exist.
#  File has not been updated.

# Not a target:
Makefile:
#  Implicit rule search has been done.
#  Last modified 2021-08-12 16:31:31.292084816
#  File has been updated.
#  Successfully updated.

build:
#  Implicit rule search has not been done.
#  Modification time never checked.
#  File has not been updated.
#  recipe to execute (from 'Makefile', line 2):
	@go build -o karrlein ./app

# Not a target:
.DEFAULT:
#  Implicit rule search has not been done.
#  Modification time never checked.
#  File has not been updated.

run: build wasm
#  Implicit rule search has not been done.
#  Modification time never checked.
#  File has not been updated.
#  recipe to execute (from 'Makefile', line 8):
	./karrlein

# files hash-table stats:
# Load=7/1024=1%, Rehash=0, Collisions=0/19=0%
# VPATH Search Paths

# No 'vpath' search paths.

# No general ('VPATH' variable) search path.

# strcache buffers: 1 (0) / strings = 24 / storage = 187 B / avg = 7 B
# current buf: size = 8162 B / used = 187 B / count = 24 / avg = 7 B

# strcache performance: lookups = 33 / hit rate = 27%
# hash-table stats:
# Load=24/8192=0%, Rehash=0, Collisions=1/33=3%
# Finished Make data base on Thu Aug 12 17:17:21 2021

 
